 GET /api/comments?movieId=2 200 in 740ms (compile: 51ms, render: 689ms)
 GET /api/comments?movieId=2 200 in 325ms (compile: 19ms, render: 307ms)
prisma:error
Invalid `loader)")).default.review.findMany()` invocation in
/home/ketan/projects/dbfpn/.next/dev/server/chunks/[root-of-the-server]__c2aa2a05._.js:617:148

  614 try {
  615     const userId = session?.user?.id ? Number(session.user.id) : null;
  616     // Fetch reviews with votes using Prisma
→ 617     const reviews = await (await __turbopack_context__.A("[project]/src/lib/prisma.ts [app-route] (ecmascript, async loader)")).default.review.findMany({
            where: {
              movieId: 2
            },
            include: {
              user: {
                select: {
                  id: true,
                  username: true,
                  name: true,
                  avatarUrl: true,
                  role: true
                }
              },
              votes: true,
              ~~~~~
          ?   movie?: true
            },
            orderBy: {
              createdAt: "desc"
            }
          })

Unknown field `votes` for include statement on model `Review`. Available options are marked with ?.
Error GET /api/reviews Error [PrismaClientValidationError]:
Invalid `loader)")).default.review.findMany()` invocation in
/home/ketan/projects/dbfpn/.next/dev/server/chunks/[root-of-the-server]__c2aa2a05._.js:617:148

  614 try {
  615     const userId = session?.user?.id ? Number(session.user.id) : null;
  616     // Fetch reviews with votes using Prisma
→ 617     const reviews = await (await __turbopack_context__.A("[project]/src/lib/prisma.ts [app-route] (ecmascript, async loader)")).default.review.findMany({
            where: {
              movieId: 2
            },
            include: {
              user: {
                select: {
                  id: true,
                  username: true,
                  name: true,
                  avatarUrl: true,
                  role: true
                }
              },
              votes: true,
              ~~~~~
          ?   movie?: true
            },
            orderBy: {
              createdAt: "desc"
            }
          })

Unknown field `votes` for include statement on model `Review`. Available options are marked with ?.
    at <unknown> (src/app/api/reviews/route.ts:98:73)
    at async GET (src/app/api/reviews/route.ts:98:21)
   96 |
   97 |     // Fetch reviews with votes using Prisma
>  98 |     const reviews = await (await import("@/lib/prisma")).default.review.findMany({
      |                                                                         ^
   99 |       where: { movieId },
  100 |       include: {
  101 |         user: { {
  clientVersion: '5.22.0'
}
 GET /api/reviews?movieId=2 500 in 1728ms (compile: 49ms, render: 1679ms)
prisma:error
Invalid `loader)")).default.review.findMany()` invocation in
/home/ketan/projects/dbfpn/.next/dev/server/chunks/[root-of-the-server]__c2aa2a05._.js:617:148

  614 try {
  615     const userId = session?.user?.id ? Number(session.user.id) : null;
  616     // Fetch reviews with votes using Prisma
→ 617     const reviews = await (await __turbopack_context__.A("[project]/src/lib/prisma.ts [app-route] (ecmascript, async loader)")).default.review.findMany({
            where: {
              movieId: 2
            },
            include: {
              user: {
                select: {
                  id: true,
                  username: true,
                  name: true,
                  avatarUrl: true,
                  role: true
                }
              },
              votes: true,
              ~~~~~
          ?   movie?: true
            },
            orderBy: {
              createdAt: "desc"
            }
          })

Unknown field `votes` for include statement on model `Review`. Available options are marked with ?.
Error GET /api/reviews Error [PrismaClientValidationError]:
Invalid `loader)")).default.review.findMany()` invocation in
/home/ketan/projects/dbfpn/.next/dev/server/chunks/[root-of-the-server]__c2aa2a05._.js:617:148

  614 try {
  615     const userId = session?.user?.id ? Number(session.user.id) : null;
  616     // Fetch reviews with votes using Prisma
→ 617     const reviews = await (await __turbopack_context__.A("[project]/src/lib/prisma.ts [app-route] (ecmascript, async loader)")).default.review.findMany({
            where: {
              movieId: 2
            },
            include: {
              user: {
                select: {
                  id: true,
                  username: true,
                  name: true,
                  avatarUrl: true,
                  role: true
                }
              },
              votes: true,
              ~~~~~
          ?   movie?: true
            },
            orderBy: {
              createdAt: "desc"
            }
          })

Unknown field `votes` for include statement on model `Review`. Available options are marked with ?.
    at <unknown> (src/app/api/reviews/route.ts:98:73)
    at async GET (src/app/api/reviews/route.ts:98:21)
   96 |
   97 |     // Fetch reviews with votes using Prisma
>  98 |     const reviews = await (await import("@/lib/prisma")).default.review.findMany({
      |                                                                         ^
   99 |       where: { movieId },
  100 |       include: {
  101 |         user: { {
  clientVersion: '5.22.0'
}
 GET /api/reviews?movieId=2 500 in 19.2s (compile: 174ms, render: 19.0s)
 GET /api/comments?movieId=2 200 in 19.2s (compile: 89ms, render: 19.1s)
 GET /api/comments?movieId=2 200 in 341ms (compile: 27ms, render: 313ms)
 GET /api/comments?movieId=2 200 in 261ms (compile: 16ms, render: 245ms)